<?xml version="1.0" encoding="UTF-8" ?>
<testsuite tests="34" failures="2" name="ch.heigvd.amt.gamification.spec.SpecificationTest" time="0.635" errors="0" skipped="19">
  <properties>
    <property name="java.runtime.name" value="Java(TM) SE Runtime Environment"/>
    <property name="sun.boot.library.path" value="/Library/Java/JavaVirtualMachines/jdk1.8.0_92.jdk/Contents/Home/jre/lib"/>
    <property name="java.vm.version" value="25.92-b14"/>
    <property name="gopherProxySet" value="false"/>
    <property name="java.vm.vendor" value="Oracle Corporation"/>
    <property name="java.vendor.url" value="http://java.oracle.com/"/>
    <property name="path.separator" value=":"/>
    <property name="guice.disable.misplaced.annotation.check" value="true"/>
    <property name="java.vm.name" value="Java HotSpot(TM) 64-Bit Server VM"/>
    <property name="file.encoding.pkg" value="sun.io"/>
    <property name="user.country" value="CH"/>
    <property name="sun.java.launcher" value="SUN_STANDARD"/>
    <property name="sun.os.patch.level" value="unknown"/>
    <property name="java.vm.specification.name" value="Java Virtual Machine Specification"/>
    <property name="user.dir" value="/Users/guillaume/Documents/HEIG-VD/AMT/AMT-Gamification-Platform/ExecutableSpecification"/>
    <property name="java.runtime.version" value="1.8.0_92-b14"/>
    <property name="java.awt.graphicsenv" value="sun.awt.CGraphicsEnvironment"/>
    <property name="java.endorsed.dirs" value="/Library/Java/JavaVirtualMachines/jdk1.8.0_92.jdk/Contents/Home/jre/lib/endorsed"/>
    <property name="os.arch" value="x86_64"/>
    <property name="java.io.tmpdir" value="/var/folders/8j/r_wz9t5j4jg84bx88grd3f7w0000gn/T/"/>
    <property name="line.separator" value="
"/>
    <property name="java.vm.specification.vendor" value="Oracle Corporation"/>
    <property name="os.name" value="Mac OS X"/>
    <property name="maven.ext.class.path" value="/Applications/NetBeans/NetBeans 8.1.app/Contents/Resources/NetBeans/java/maven-nblib/netbeans-eventspy.jar"/>
    <property name="classworlds.conf" value="/Applications/NetBeans/NetBeans 8.1.app/Contents/Resources/NetBeans/java/maven/bin/m2.conf"/>
    <property name="sun.jnu.encoding" value="UTF-8"/>
    <property name="java.library.path" value="/Users/guillaume/Library/Java/Extensions:/Library/Java/Extensions:/Network/Library/Java/Extensions:/System/Library/Java/Extensions:/usr/lib/java:."/>
    <property name="java.specification.name" value="Java Platform API Specification"/>
    <property name="java.class.version" value="52.0"/>
    <property name="sun.management.compiler" value="HotSpot 64-Bit Tiered Compilers"/>
    <property name="os.version" value="10.12.1"/>
    <property name="http.nonProxyHosts" value="local|*.local|169.254/16|*.169.254/16"/>
    <property name="user.home" value="/Users/guillaume"/>
    <property name="user.timezone" value="Europe/Zurich"/>
    <property name="java.awt.printerjob" value="sun.lwawt.macosx.CPrinterJob"/>
    <property name="java.specification.version" value="1.8"/>
    <property name="file.encoding" value="UTF-8"/>
    <property name="user.name" value="guillaume"/>
    <property name="java.class.path" value="/Applications/NetBeans/NetBeans 8.1.app/Contents/Resources/NetBeans/java/maven/boot/plexus-classworlds-2.4.jar"/>
    <property name="java.vm.specification.version" value="1.8"/>
    <property name="sun.arch.data.model" value="64"/>
    <property name="java.home" value="/Library/Java/JavaVirtualMachines/jdk1.8.0_92.jdk/Contents/Home/jre"/>
    <property name="sun.java.command" value="org.codehaus.plexus.classworlds.launcher.Launcher -Dmaven.ext.class.path=/Applications/NetBeans/NetBeans 8.1.app/Contents/Resources/NetBeans/java/maven-nblib/netbeans-eventspy.jar test"/>
    <property name="java.specification.vendor" value="Oracle Corporation"/>
    <property name="user.language" value="fr"/>
    <property name="awt.toolkit" value="sun.lwawt.macosx.LWCToolkit"/>
    <property name="java.vm.info" value="mixed mode"/>
    <property name="java.version" value="1.8.0_92"/>
    <property name="java.ext.dirs" value="/Users/guillaume/Library/Java/Extensions:/Library/Java/JavaVirtualMachines/jdk1.8.0_92.jdk/Contents/Home/jre/lib/ext:/Library/Java/Extensions:/Network/Library/Java/Extensions:/System/Library/Java/Extensions:/usr/lib/java"/>
    <property name="sun.boot.class.path" value="/Library/Java/JavaVirtualMachines/jdk1.8.0_92.jdk/Contents/Home/jre/lib/resources.jar:/Library/Java/JavaVirtualMachines/jdk1.8.0_92.jdk/Contents/Home/jre/lib/rt.jar:/Library/Java/JavaVirtualMachines/jdk1.8.0_92.jdk/Contents/Home/jre/lib/sunrsasign.jar:/Library/Java/JavaVirtualMachines/jdk1.8.0_92.jdk/Contents/Home/jre/lib/jsse.jar:/Library/Java/JavaVirtualMachines/jdk1.8.0_92.jdk/Contents/Home/jre/lib/jce.jar:/Library/Java/JavaVirtualMachines/jdk1.8.0_92.jdk/Contents/Home/jre/lib/charsets.jar:/Library/Java/JavaVirtualMachines/jdk1.8.0_92.jdk/Contents/Home/jre/lib/jfr.jar:/Library/Java/JavaVirtualMachines/jdk1.8.0_92.jdk/Contents/Home/jre/classes"/>
    <property name="java.vendor" value="Oracle Corporation"/>
    <property name="maven.home" value="/Applications/NetBeans/NetBeans 8.1.app/Contents/Resources/NetBeans/java/maven"/>
    <property name="file.separator" value="/"/>
    <property name="java.vendor.url.bug" value="http://bugreport.sun.com/bugreport/"/>
    <property name="sun.cpu.endian" value="little"/>
    <property name="sun.io.unicode.encoding" value="UnicodeBig"/>
    <property name="socksNonProxyHosts" value="local|*.local|169.254/16|*.169.254/16"/>
    <property name="ftp.nonProxyHosts" value="local|*.local|169.254/16|*.169.254/16"/>
    <property name="sun.cpu.isalist" value=""/>
  </properties>
  <testcase classname="Scenario: Register a new application" name="Given I have an application payload" time="0"/>
  <testcase classname="Scenario: Register a new application" name="When I POST it to the \/application endpoint" time="0"/>
  <testcase classname="Scenario: Register a new application" name="Then I receive a 200 status code" time="0"/>
  <testcase classname="Scenario: Register a new application" name="Scenario: Register a new application" time="0.001"/>
  <testcase classname="Scenario: Check that the application has been registered" name="Given I have an application payload" time="0"/>
  <testcase classname="Scenario: Check that the application has been registered" name="When I POST it to the \/application endpoint" time="0"/>
  <testcase classname="Scenario: Check that the application has been registered" name="And I ask for a list of registered apps with a GET on the \/application endpoint" time="0.003">
    <skipped/>
  </testcase>
  <testcase classname="Scenario: Check that the application has been registered" name="Then I see my app in the list" time="0.004">
    <skipped/>
  </testcase>
  <testcase classname="Scenario: Check that the application has been registered" name="Scenario: Check that the application has been registered" time="0.004">
    <skipped/>
  </testcase>
  <testcase classname="Scenario: Check that the application has been registered" name="Scenario: Check that the application has been registered" time="0.004"/>
  <testcase classname="Scenario: Check that it is not possible to create two apps with the same name" name="Given I have an application payload" time="0"/>
  <testcase classname="Scenario: Check that it is not possible to create two apps with the same name" name="When I POST it to the \/application endpoint" time="0"/>
  <testcase classname="Scenario: Check that it is not possible to create two apps with the same name" name="And I POST it to the \/application endpoint" time="0"/>
  <testcase classname="Scenario: Check that it is not possible to create two apps with the same name" name="Then I receive a 422 status code" time="0.002">
    <failure message="expected:&lt;422&gt; but was:&lt;200&gt;" type="java.lang.AssertionError">java.lang.AssertionError: expected:&lt;422&gt; but was:&lt;200&gt;
	at org.junit.Assert.fail(Assert.java:88)
	at org.junit.Assert.failNotEquals(Assert.java:834)
	at org.junit.Assert.assertEquals(Assert.java:645)
	at org.junit.Assert.assertEquals(Assert.java:631)
	at ch.heigvd.amt.gamification.spec.steps.ApplicationSteps.i_receive_a_status_code(ApplicationSteps.java:41)
	at ✽.Then I receive a 422 status code(application_registration.feature:18)
</failure>
  </testcase>
  <testcase classname="Scenario: Check that it is not possible to create two apps with the same name" name="Scenario: Check that it is not possible to create two apps with the same name" time="0.002">
    <failure message="expected:&lt;422&gt; but was:&lt;200&gt;" type="java.lang.AssertionError">java.lang.AssertionError: expected:&lt;422&gt; but was:&lt;200&gt;
	at org.junit.Assert.fail(Assert.java:88)
	at org.junit.Assert.failNotEquals(Assert.java:834)
	at org.junit.Assert.assertEquals(Assert.java:645)
	at org.junit.Assert.assertEquals(Assert.java:631)
	at ch.heigvd.amt.gamification.spec.steps.ApplicationSteps.i_receive_a_status_code(ApplicationSteps.java:41)
	at ✽.Then I receive a 422 status code(application_registration.feature:18)
</failure>
  </testcase>
  <testcase classname="Scenario: register a badge for the gamified application" name="Given I have an badge payload" time="0.001">
    <skipped/>
  </testcase>
  <testcase classname="Scenario: register a badge for the gamified application" name="When I POST it to the \/badges endpoint" time="0.002">
    <skipped/>
  </testcase>
  <testcase classname="Scenario: register a badge for the gamified application" name="Then I receive a 200 status code" time="0.002">
    <skipped/>
  </testcase>
  <testcase classname="Scenario: register a badge for the gamified application" name="Scenario: register a badge for the gamified application" time="0.002">
    <skipped/>
  </testcase>
  <testcase classname="Scenario: register a badge for the gamified application" name="Scenario: register a badge for the gamified application" time="0.002"/>
  <testcase classname="Scenario: send the first event for a user of the gamified application" name="Given a user U1 of the gamified application A1" time="0.002">
    <skipped/>
  </testcase>
  <testcase classname="Scenario: send the first event for a user of the gamified application" name="When the application A1 POSTs 1 payload for events associated to user U1 on the \/events endpoint" time="0.002">
    <skipped/>
  </testcase>
  <testcase classname="Scenario: send the first event for a user of the gamified application" name="And the application A1 GETs user U1 from the \/users\/ endpoint" time="0.003">
    <skipped/>
  </testcase>
  <testcase classname="Scenario: send the first event for a user of the gamified application" name="Then it receives a 200 status code" time="0.003">
    <skipped/>
  </testcase>
  <testcase classname="Scenario: send the first event for a user of the gamified application" name="And the payload in the response has a property numberOfEvents with a value of 1" time="0.004">
    <skipped/>
  </testcase>
  <testcase classname="Scenario: send the first event for a user of the gamified application" name="Scenario: send the first event for a user of the gamified application" time="0.004">
    <skipped/>
  </testcase>
  <testcase classname="Scenario: send the first event for a user of the gamified application" name="Scenario: send the first event for a user of the gamified application" time="0.004"/>
  <testcase classname="Scenario: send the first 2 events for a user of the gamified application" name="Given a user U1 of the gamified application A1" time="0.002">
    <skipped/>
  </testcase>
  <testcase classname="Scenario: send the first 2 events for a user of the gamified application" name="When the application A1 POSTs 2 payloads for events associated to user U1 on the \/events endpoint" time="0.003">
    <skipped/>
  </testcase>
  <testcase classname="Scenario: send the first 2 events for a user of the gamified application" name="And the application A1 GETs user U1 from the \/users\/ endpoint" time="0.003">
    <skipped/>
  </testcase>
  <testcase classname="Scenario: send the first 2 events for a user of the gamified application" name="Then it receives a 200 status code" time="0.003">
    <skipped/>
  </testcase>
  <testcase classname="Scenario: send the first 2 events for a user of the gamified application" name="And the payload in the response has a property numberOfEvents with a value of 2" time="0.004">
    <skipped/>
  </testcase>
  <testcase classname="Scenario: send the first 2 events for a user of the gamified application" name="Scenario: send the first 2 events for a user of the gamified application" time="0.004">
    <skipped/>
  </testcase>
  <testcase classname="Scenario: send the first 2 events for a user of the gamified application" name="Scenario: send the first 2 events for a user of the gamified application" time="0.004"/>
</testsuite>